<?xml version="1.0" encoding="UTF-8"?>
<!-- Generated by org.testng.reporters.JUnitReportReporter -->
<testsuite hostname="NCRBaseload_W10" failures="0" tests="1" name="com.MyStore2.testcases.SearchResultPageTest" time="29.996" errors="0" timestamp="2022-07-22T19:02:16 IST" skipped="0">
  <testcase classname="com.MyStore2.testcases.SearchResultPageTest" name="productAvailabilityTest" time="29.996"/>
  <system-out/>
</testsuite> <!-- com.MyStore2.testcases.SearchResultPageTest -->
