<?xml version="1.0" encoding="UTF-8"?>
<!-- Generated by org.testng.reporters.JUnitReportReporter -->
<testsuite hostname="NCRBaseload_W10" failures="0" tests="2" name="com.MyStore2.testcases.IndexPageTest" time="45.175" errors="0" timestamp="2022-07-22T19:02:16 IST" skipped="0">
  <testcase classname="com.MyStore2.testcases.IndexPageTest" name="verifyTitle" time="22.117"/>
  <system-out/>
  <testcase classname="com.MyStore2.testcases.IndexPageTest" name="verifyLogo" time="23.058"/>
  <system-out/>
</testsuite> <!-- com.MyStore2.testcases.IndexPageTest -->
