<?xml version="1.0" encoding="UTF-8"?>
<!-- Generated by org.testng.reporters.JUnitReportReporter -->
<testsuite hostname="NCRBaseload_W10" failures="0" tests="1" name="com.MyStore2.testcases.OrderPageTest" time="28.573" errors="0" timestamp="2022-07-22T19:02:16 IST" skipped="0">
  <testcase classname="com.MyStore2.testcases.OrderPageTest" name="validateOrderPage" time="28.573"/>
  <system-out/>
</testsuite> <!-- com.MyStore2.testcases.OrderPageTest -->
