<?xml version="1.0" encoding="UTF-8"?>
<!-- Generated by org.testng.reporters.JUnitReportReporter -->
<testsuite hostname="NCRBaseload_W10" failures="0" tests="2" name="com.MyStore2.testcases.HomePageTest" time="86.085" errors="0" timestamp="2022-07-22T19:02:16 IST" skipped="0">
  <testcase classname="com.MyStore2.testcases.HomePageTest" name="orderHistoryAndDetails" time="33.949"/>
  <system-out/>
  <testcase classname="com.MyStore2.testcases.HomePageTest" name="wishListTest" time="52.136"/>
  <system-out/>
</testsuite> <!-- com.MyStore2.testcases.HomePageTest -->
